{"numTotalTestSuites":8,"numPassedTestSuites":6,"numFailedTestSuites":2,"numPendingTestSuites":0,"numTotalTests":15,"numPassedTests":14,"numFailedTests":1,"numPendingTests":0,"numTodoTests":0,"snapshot":{"added":0,"failure":false,"filesAdded":0,"filesRemoved":0,"filesRemovedList":[],"filesUnmatched":0,"filesUpdated":0,"matched":0,"total":0,"unchecked":0,"uncheckedKeysByFile":[],"unmatched":0,"updated":0,"didUpdate":false},"startTime":1772281236246,"success":false,"testResults":[{"assertionResults":[{"ancestorTitles":["useSpatialNavigation"],"fullName":"useSpatialNavigation initializes with null focusedElementId","status":"passed","title":"initializes with null focusedElementId","duration":23.225799999999936,"failureMessages":[],"meta":{}},{"ancestorTitles":["useSpatialNavigation"],"fullName":"useSpatialNavigation updates focused item when clicked outside of keyboard flow","status":"passed","title":"updates focused item when clicked outside of keyboard flow","duration":11.533199999999852,"failureMessages":[],"meta":{}},{"ancestorTitles":["useSpatialNavigation"],"fullName":"useSpatialNavigation focuses the first item on ArrowDown if nothing is focused","status":"passed","title":"focuses the first item on ArrowDown if nothing is focused","duration":8.351400000000012,"failureMessages":[],"meta":{}},{"ancestorTitles":["useSpatialNavigation"],"fullName":"useSpatialNavigation navigates to nearest item visually below on ArrowDown","status":"passed","title":"navigates to nearest item visually below on ArrowDown","duration":5.86889999999994,"failureMessages":[],"meta":{}},{"ancestorTitles":["useSpatialNavigation"],"fullName":"useSpatialNavigation ignores disabled elements during navigation","status":"passed","title":"ignores disabled elements during navigation","duration":4.620099999999866,"failureMessages":[],"meta":{}}],"startTime":1772281237888,"endTime":1772281237941.62,"status":"passed","message":"","name":"C:/mw/mwvault/src/hooks/__tests__/useSpatialNavigation.test.tsx"},{"assertionResults":[{"ancestorTitles":["GameClock"],"fullName":"GameClock renders the initial time correctly","status":"passed","title":"renders the initial time correctly","duration":33.00459999999998,"failureMessages":[],"meta":{}},{"ancestorTitles":["GameClock"],"fullName":"GameClock updates the time every second","status":"failed","title":"updates the time every second","duration":13.00689999999986,"failureMessages":["TestingLibraryElementError: Unable to find an element with the text: 14:30:16. This could be because the text is broken up by multiple elements. In this case, you can provide a function for your text matcher to make your matcher more flexible.\n\nIgnored nodes: comments, script, style\n\u001b[36m<body>\u001b[39m\n  \u001b[36m<div>\u001b[39m\n    \u001b[36m<div\u001b[39m\n      \u001b[33mclass\u001b[39m=\u001b[32m\"flex items-center justify-between\"\u001b[39m\n    \u001b[36m>\u001b[39m\n      \u001b[36m<svg\u001b[39m\n        \u001b[33maria-hidden\u001b[39m=\u001b[32m\"true\"\u001b[39m\n        \u001b[33mclass\u001b[39m=\u001b[32m\"lucide lucide-clock w-5 h-5 text-gray-300 drop-shadow-md\"\u001b[39m\n        \u001b[33mfill\u001b[39m=\u001b[32m\"none\"\u001b[39m\n        \u001b[33mheight\u001b[39m=\u001b[32m\"24\"\u001b[39m\n        \u001b[33mstroke\u001b[39m=\u001b[32m\"currentColor\"\u001b[39m\n        \u001b[33mstroke-linecap\u001b[39m=\u001b[32m\"round\"\u001b[39m\n        \u001b[33mstroke-linejoin\u001b[39m=\u001b[32m\"round\"\u001b[39m\n        \u001b[33mstroke-width\u001b[39m=\u001b[32m\"2\"\u001b[39m\n        \u001b[33mviewBox\u001b[39m=\u001b[32m\"0 0 24 24\"\u001b[39m\n        \u001b[33mwidth\u001b[39m=\u001b[32m\"24\"\u001b[39m\n        \u001b[33mxmlns\u001b[39m=\u001b[32m\"http://www.w3.org/2000/svg\"\u001b[39m\n      \u001b[36m>\u001b[39m\n        \u001b[36m<circle\u001b[39m\n          \u001b[33mcx\u001b[39m=\u001b[32m\"12\"\u001b[39m\n          \u001b[33mcy\u001b[39m=\u001b[32m\"12\"\u001b[39m\n          \u001b[33mr\u001b[39m=\u001b[32m\"10\"\u001b[39m\n        \u001b[36m/>\u001b[39m\n        \u001b[36m<path\u001b[39m\n          \u001b[33md\u001b[39m=\u001b[32m\"M12 6v6l4 2\"\u001b[39m\n        \u001b[36m/>\u001b[39m\n      \u001b[36m</svg>\u001b[39m\n      \u001b[36m<span\u001b[39m\n        \u001b[33mclass\u001b[39m=\u001b[32m\"text-xl tracking-widest text-gray-100 jrpg-text-shadow leading-none\"\u001b[39m\n      \u001b[36m>\u001b[39m\n        \u001b[0m14:30:15\u001b[0m\n      \u001b[36m</span>\u001b[39m\n    \u001b[36m</div>\u001b[39m\n  \u001b[36m</div>\u001b[39m\n\u001b[36m</body>\u001b[39m\n    at Object.getElementError (C:\\mw\\mwvault\\node_modules\\@testing-library\\dom\\dist\\config.js:37:19)\n    at C:\\mw\\mwvault\\node_modules\\@testing-library\\dom\\dist\\query-helpers.js:76:38\n    at C:\\mw\\mwvault\\node_modules\\@testing-library\\dom\\dist\\query-helpers.js:52:17\n    at C:\\mw\\mwvault\\node_modules\\@testing-library\\dom\\dist\\query-helpers.js:95:19\n    at C:/mw/mwvault/src/components/ui/__tests__/GameClock.test.tsx:36:23\n    at file:///C:/mw/mwvault/node_modules/@vitest/runner/dist/index.js:145:11\n    at file:///C:/mw/mwvault/node_modules/@vitest/runner/dist/index.js:915:26\n    at file:///C:/mw/mwvault/node_modules/@vitest/runner/dist/index.js:1243:20\n    at new Promise (<anonymous>)\n    at runWithTimeout (file:///C:/mw/mwvault/node_modules/@vitest/runner/dist/index.js:1209:10)"],"meta":{}},{"ancestorTitles":["GameClock"],"fullName":"GameClock clears intervals on unmount to prevent memory leaks","status":"passed","title":"clears intervals on unmount to prevent memory leaks","duration":5.437199999999848,"failureMessages":[],"meta":{}}],"startTime":1772281238009,"endTime":1772281238060.4373,"status":"failed","message":"","name":"C:/mw/mwvault/src/components/ui/__tests__/GameClock.test.tsx"},{"assertionResults":[{"ancestorTitles":["JrpgMenuList"],"fullName":"JrpgMenuList renders all menu items","status":"passed","title":"renders all menu items","duration":33.62479999999982,"failureMessages":[],"meta":{}},{"ancestorTitles":["JrpgMenuList"],"fullName":"JrpgMenuList applies disabled styles and attributes correctly","status":"passed","title":"applies disabled styles and attributes correctly","duration":4.294399999999996,"failureMessages":[],"meta":{}},{"ancestorTitles":["JrpgMenuList"],"fullName":"JrpgMenuList applies focus styles correctly via spatial navigation hook","status":"passed","title":"applies focus styles correctly via spatial navigation hook","duration":3.1759000000001834,"failureMessages":[],"meta":{}},{"ancestorTitles":["JrpgMenuList"],"fullName":"JrpgMenuList calls onClick when an enabled item is clicked","status":"passed","title":"calls onClick when an enabled item is clicked","duration":233.5882999999999,"failureMessages":[],"meta":{}}],"startTime":1772281237979,"endTime":1772281238253.5884,"status":"passed","message":"","name":"C:/mw/mwvault/src/components/ui/__tests__/JrpgMenuList.test.tsx"},{"assertionResults":[{"ancestorTitles":["SelectorGrid"],"fullName":"SelectorGrid renders the title and all items","status":"passed","title":"renders the title and all items","duration":34.72849999999994,"failureMessages":[],"meta":{}},{"ancestorTitles":["SelectorGrid"],"fullName":"SelectorGrid applies focus styles when spatial navigation focuses an item","status":"passed","title":"applies focus styles when spatial navigation focuses an item","duration":6.336700000000064,"failureMessages":[],"meta":{}},{"ancestorTitles":["SelectorGrid"],"fullName":"SelectorGrid calls onSelect when an item is clicked","status":"passed","title":"calls onSelect when an item is clicked","duration":177.4742000000001,"failureMessages":[],"meta":{}}],"startTime":1772281238006,"endTime":1772281238224.474,"status":"passed","message":"","name":"C:/mw/mwvault/src/components/ui/__tests__/SelectorGrid.test.tsx"}]}